[    0.000000] Initializing cgroup subsys cpuset
[    0.000000] Initializing cgroup subsys cpu
[    0.000000] Initializing cgroup subsys cpuacct
[    0.000000] Linux version 4.4.0-210-generic (buildd@lgw01-amd64-009) (gcc version 5.4.0 20160609 (Ubuntu 5.4.0-6ubuntu1~16.04.12) ) #242-Ubuntu SMP Fri Apr 16 09:57:56 UTC 2021 (Ubuntu 4.4.0-210.242-generic 4.4.262)
[    0.000000] Command line: BOOT_IMAGE=/boot/vmlinuz-4.4.0-210-generic root=LABEL=cloudimg-rootfs ro console=tty1 console=ttyS0
[    0.000000] KERNEL supported cpus:
[    0.000000]   Intel GenuineIntel
[    0.000000]   AMD AuthenticAMD
[    0.000000]   Centaur CentaurHauls
[    0.000000] x86/fpu: xstate_offset[2]:  576, xstate_sizes[2]:  256
[    0.000000] x86/fpu: Supporting XSAVE feature 0x01: 'x87 floating point registers'
[    0.000000] x86/fpu: Supporting XSAVE feature 0x02: 'SSE registers'
[    0.000000] x86/fpu: Supporting XSAVE feature 0x04: 'AVX registers'
[    0.000000] x86/fpu: Enabled xstate features 0x7, context size is 832 bytes, using 'standard' format.
[    0.000000] e820: BIOS-provided physical RAM map:
[    0.000000] BIOS-e820: [mem 0x0000000000000000-0x000000000009fbff] usable
[    0.000000] BIOS-e820: [mem 0x000000000009fc00-0x000000000009ffff] reserved
[    0.000000] BIOS-e820: [mem 0x00000000000f0000-0x00000000000fffff] reserved
[    0.000000] BIOS-e820: [mem 0x0000000000100000-0x000000003ffeffff] usable
[    0.000000] BIOS-e820: [mem 0x000000003fff0000-0x000000003fffffff] ACPI data
[    0.000000] BIOS-e820: [mem 0x00000000fec00000-0x00000000fec00fff] reserved
[    0.000000] BIOS-e820: [mem 0x00000000fee00000-0x00000000fee00fff] reserved
[    0.000000] BIOS-e820: [mem 0x00000000fffc0000-0x00000000ffffffff] reserved
[    0.000000] NX (Execute Disable) protection: active
[    0.000000] SMBIOS 2.5 present.
[    0.000000] Hypervisor detected: KVM
[    0.000000] Kernel/User page tables isolation: disabled
[    0.000000] e820: last_pfn = 0x3fff0 max_arch_pfn = 0x400000000
[    0.000000] MTRR: Disabled
[    0.000000] x86/PAT: MTRRs disabled, skipping PAT initialization too.
[    0.000000] CPU MTRRs all blank - virtualized system.
[    0.000000] x86/PAT: Configuration [0-7]: WB  WT  UC- UC  WB  WT  UC- UC  
[    0.000000] found SMP MP-table at [mem 0x0009fff0-0x0009ffff] mapped at [ffff88000009fff0]
[    0.000000] Scanning 1 areas for low memory corruption
[    0.000000] RAMDISK: [mem 0x362dc000-0x37165fff]
[    0.000000] ACPI: Early table checksum verification disabled
[    0.000000] ACPI: RSDP 0x00000000000E0000 000024 (v02 VBOX  )
[    0.000000] ACPI: XSDT 0x000000003FFF0030 00003C (v01 VBOX   VBOXXSDT 00000001 ASL  00000061)
[    0.000000] ACPI: FACP 0x000000003FFF00F0 0000F4 (v04 VBOX   VBOXFACP 00000001 ASL  00000061)
[    0.000000] ACPI: DSDT 0x000000003FFF0470 002325 (v02 VBOX   VBOXBIOS 00000002 INTL 20100528)
[    0.000000] ACPI: FACS 0x000000003FFF0200 000040
[    0.000000] ACPI: FACS 0x000000003FFF0200 000040
[    0.000000] ACPI: APIC 0x000000003FFF0240 00005C (v02 VBOX   VBOXAPIC 00000001 ASL  00000061)
[    0.000000] ACPI: SSDT 0x000000003FFF02A0 0001CC (v01 VBOX   VBOXCPUT 00000002 INTL 20100528)
[    0.000000] No NUMA configuration found
[    0.000000] Faking a node at [mem 0x0000000000000000-0x000000003ffeffff]
[    0.000000] NODE_DATA(0) allocated [mem 0x3ffeb000-0x3ffeffff]
[    0.000000] kvm-clock: Using msrs 4b564d01 and 4b564d00
[    0.000000] kvm-clock: cpu 0, msr 0:3ffe3001, primary cpu clock
[    0.000000] kvm-clock: using sched offset of 3249347914 cycles
[    0.000000] clocksource: kvm-clock: mask: 0xffffffffffffffff max_cycles: 0x1cd42e4dffb, max_idle_ns: 881590591483 ns
[    0.000000] Zone ranges:
[    0.000000]   DMA      [mem 0x0000000000001000-0x0000000000ffffff]
[    0.000000]   DMA32    [mem 0x0000000001000000-0x000000003ffeffff]
[    0.000000]   Normal   empty
[    0.000000]   Device   empty
[    0.000000] Movable zone start for each node
[    0.000000] Early memory node ranges
[    0.000000]   node   0: [mem 0x0000000000001000-0x000000000009efff]
[    0.000000]   node   0: [mem 0x0000000000100000-0x000000003ffeffff]
[    0.000000] Initmem setup node 0 [mem 0x0000000000001000-0x000000003ffeffff]
[    0.000000] ACPI: PM-Timer IO Port: 0x4008
[    0.000000] IOAPIC[0]: apic_id 2, version 32, address 0xfec00000, GSI 0-23
[    0.000000] ACPI: INT_SRC_OVR (bus 0 bus_irq 0 global_irq 2 dfl dfl)
[    0.000000] ACPI: INT_SRC_OVR (bus 0 bus_irq 9 global_irq 9 low level)
[    0.000000] Using ACPI (MADT) for SMP configuration information
[    0.000000] smpboot: Allowing 2 CPUs, 0 hotplug CPUs
[    0.000000] PM: Registered nosave memory: [mem 0x00000000-0x00000fff]
[    0.000000] PM: Registered nosave memory: [mem 0x0009f000-0x0009ffff]
[    0.000000] PM: Registered nosave memory: [mem 0x000a0000-0x000effff]
[    0.000000] PM: Registered nosave memory: [mem 0x000f0000-0x000fffff]
[    0.000000] e820: [mem 0x40000000-0xfebfffff] available for PCI devices
[    0.000000] Booting paravirtualized kernel on KVM
[    0.000000] clocksource: refined-jiffies: mask: 0xffffffff max_cycles: 0xffffffff, max_idle_ns: 7645519600211568 ns
[    0.000000] setup_percpu: NR_CPUS:512 nr_cpumask_bits:512 nr_cpu_ids:2 nr_node_ids:1
[    0.000000] PERCPU: Embedded 33 pages/cpu @ffff88003fc00000 s95192 r8192 d31784 u1048576
[    0.000000] Built 1 zonelists in Node order, mobility grouping on.  Total pages: 257912
[    0.000000] Policy zone: DMA32
[    0.000000] Kernel command line: BOOT_IMAGE=/boot/vmlinuz-4.4.0-210-generic root=LABEL=cloudimg-rootfs ro console=tty1 console=ttyS0
[    0.000000] PID hash table entries: 4096 (order: 3, 32768 bytes)
[    0.000000] Memory: 997792K/1048120K available (8644K kernel code, 1332K rwdata, 4044K rodata, 1492K init, 1164K bss, 50328K reserved, 0K cma-reserved)
[    0.000000] SLUB: HWalign=64, Order=0-3, MinObjects=0, CPUs=2, Nodes=1
[    0.000000] Hierarchical RCU implementation.
[    0.000000] 	Build-time adjustment of leaf fanout to 64.
[    0.000000] 	RCU restricting CPUs from NR_CPUS=512 to nr_cpu_ids=2.
[    0.000000] RCU: Adjusting geometry for rcu_fanout_leaf=64, nr_cpu_ids=2
[    0.000000] NR_IRQS:33024 nr_irqs:440 16
[    0.000000] Console: colour VGA+ 80x25
[    0.000000] console [tty1] enabled
[    0.000000] console [ttyS0] enabled
[    0.000000] tsc: Detected 2304.000 MHz processor
[    0.114480] Calibrating delay loop (skipped) preset value.. 4608.00 BogoMIPS (lpj=9216000)
[    0.116094] pid_max: default: 32768 minimum: 301
[    0.116937] ACPI: Core revision 20150930
[    0.118270] ACPI: 2 ACPI AML tables successfully acquired and loaded
[    0.119305] Security Framework initialized
[    0.119934] Yama: becoming mindful.
[    0.120504] AppArmor: AppArmor initialized
[    0.121218] Dentry cache hash table entries: 131072 (order: 8, 1048576 bytes)
[    0.122388] Inode-cache hash table entries: 65536 (order: 7, 524288 bytes)
[    0.123559] Mount-cache hash table entries: 2048 (order: 2, 16384 bytes)
[    0.124483] Mountpoint-cache hash table entries: 2048 (order: 2, 16384 bytes)
[    0.125531] Initializing cgroup subsys io
[    0.126203] Initializing cgroup subsys memory
[    0.126853] Initializing cgroup subsys devices
[    0.127524] Initializing cgroup subsys freezer
[    0.128195] Initializing cgroup subsys net_cls
[    0.128889] Initializing cgroup subsys perf_event
[    0.129585] Initializing cgroup subsys net_prio
[    0.130299] Initializing cgroup subsys hugetlb
[    0.130970] Initializing cgroup subsys pids
[    0.141081] mce: CPU supports 0 MCE banks
[    0.141909] Last level iTLB entries: 4KB 64, 2MB 8, 4MB 8
[    0.143113] Last level dTLB entries: 4KB 64, 2MB 0, 4MB 0, 1GB 4
[    0.144262] Spectre V1 : Mitigation: usercopy/swapgs barriers and __user pointer sanitization
[    0.145960] Spectre V2 : Mitigation: Full generic retpoline
[    0.147089] Spectre V2 : Spectre v2 / SpectreRSB mitigation: Filling RSB on context switch
[    0.148600] Speculative Store Bypass: Vulnerable
[    0.149408] TAA: Mitigation: TSX disabled
[    0.150237] SRBDS: Mitigation: TSX disabled
[    0.153829] Freeing SMP alternatives memory: 36K
[    0.160895] ftrace: allocating 32380 entries in 127 pages
[    0.221965] smpboot: APIC(0) Converting physical 0 to logical package 0
[    0.223466] smpboot: Max logical packages: 1
[    0.224629] x2apic enabled
[    0.225535] Switched APIC routing to physical x2apic.
[    0.227913] ..TIMER: vector=0x30 apic1=0 pin1=2 apic2=-1 pin2=-1
[    0.337257] smpboot: CPU0: Intel(R) Core(TM) i7-10610U CPU @ 1.80GHz (family: 0x6, model: 0x8e, stepping: 0xc)
[    0.339535] Performance Events: unsupported p6 CPU model 142 no PMU driver, software events only.
[    0.349133] KVM setup paravirtual spinlock
[    0.351000] x86: Booting SMP configuration:
[    0.352192] .... node  #0, CPUs:      #1
[    0.353283] kvm-clock: cpu 1, msr 0:3ffe3041, secondary cpu clock
[    0.364965] mce: CPU supports 0 MCE banks
[    0.367690] x86: Booted up 1 node, 2 CPUs
[    0.368767] smpboot: Total of 2 processors activated (9216.00 BogoMIPS)
[    0.370364] devtmpfs: initialized
[    0.372846] evm: security.selinux
[    0.373652] evm: security.SMACK64
[    0.374396] evm: security.SMACK64EXEC
[    0.375147] evm: security.SMACK64TRANSMUTE
[    0.375938] evm: security.SMACK64MMAP
[    0.376702] evm: security.ima
[    0.377366] evm: security.capability
[    0.378246] clocksource: jiffies: mask: 0xffffffff max_cycles: 0xffffffff, max_idle_ns: 7645041785100000 ns
[    0.380003] futex hash table entries: 512 (order: 3, 32768 bytes)
[    0.381195] pinctrl core: initialized pinctrl subsystem
[    0.382271] RTC time:  7:11:50, date: 01/29/22
[    0.383564] NET: Registered protocol family 16
[    0.395387] cpuidle: using governor ladder
[    0.407277] cpuidle: using governor menu
[    0.408298] PCCT header not found.
[    0.409203] ACPI: bus type PCI registered
[    0.410114] acpiphp: ACPI Hot Plug PCI Controller Driver version: 0.5
[    0.411415] PCI: Using configuration type 1 for base access
[    0.427719] ACPI: Added _OSI(Module Device)
[    0.428875] ACPI: Added _OSI(Processor Device)
[    0.429920] ACPI: Added _OSI(3.0 _SCP Extensions)
[    0.431005] ACPI: Added _OSI(Processor Aggregator Device)
[    0.433002] ACPI: Executed 1 blocks of module-level executable AML code
[    0.436766] ACPI: Interpreter enabled
[    0.437702] ACPI: (supports S0 S5)
[    0.438617] ACPI: Using IOAPIC for interrupt routing
[    0.439925] PCI: Using host bridge windows from ACPI; if necessary, use "pci=nocrs" and report a bug
[    0.445821] ACPI: PCI Root Bridge [PCI0] (domain 0000 [bus 00-ff])
[    0.447152] acpi PNP0A03:00: _OSC: OS supports [ASPM ClockPM Segments MSI]
[    0.448979] acpi PNP0A03:00: _OSC: not requesting OS control; OS requires [ExtendedConfig ASPM ClockPM MSI]
[    0.451215] acpi PNP0A03:00: fail to add MMCONFIG information, can't access extended PCI configuration space under this bridge.
[    0.454011] PCI host bridge to bus 0000:00
[    0.455016] pci_bus 0000:00: root bus resource [io  0x0000-0x0cf7 window]
[    0.456316] pci_bus 0000:00: root bus resource [io  0x0d00-0xffff window]
[    0.457618] pci_bus 0000:00: root bus resource [mem 0x000a0000-0x000bffff window]
[    0.459288] pci_bus 0000:00: root bus resource [mem 0x40000000-0xfdffffff window]
[    0.460838] pci_bus 0000:00: root bus resource [bus 00-ff]
[    0.463590] pci 0000:00:01.1: legacy IDE quirk: reg 0x10: [io  0x01f0-0x01f7]
[    0.464935] pci 0000:00:01.1: legacy IDE quirk: reg 0x14: [io  0x03f6]
[    0.466242] pci 0000:00:01.1: legacy IDE quirk: reg 0x18: [io  0x0170-0x0177]
[    0.477676] pci 0000:00:01.1: legacy IDE quirk: reg 0x1c: [io  0x0376]
[    0.487921] pci 0000:00:07.0: quirk: [io  0x4000-0x403f] claimed by PIIX4 ACPI
[    0.489513] pci 0000:00:07.0: quirk: [io  0x4100-0x410f] claimed by PIIX4 SMB
[    0.497729] ACPI: PCI Interrupt Link [LNKA] (IRQs 5 9 10 *11)
[    0.499828] ACPI: PCI Interrupt Link [LNKB] (IRQs 5 9 *10 11)
[    0.501782] ACPI: PCI Interrupt Link [LNKC] (IRQs 5 *9 10 11)
[    0.503622] ACPI: PCI Interrupt Link [LNKD] (IRQs 5 9 10 *11)
[    0.505490] ACPI: Enabled 2 GPEs in block 00 to 07
[    0.506884] vgaarb: setting as boot device: PCI:0000:00:02.0
[    0.508007] vgaarb: device added: PCI:0000:00:02.0,decodes=io+mem,owns=io+mem,locks=none
[    0.509750] vgaarb: loaded
[    0.510514] vgaarb: bridge control possible 0000:00:02.0
[    0.511729] SCSI subsystem initialized
[    0.512684] ACPI: bus type USB registered
[    0.513495] usbcore: registered new interface driver usbfs
[    0.514495] usbcore: registered new interface driver hub
[    0.515500] usbcore: registered new device driver usb
[    0.516612] PCI: Using ACPI for IRQ routing
[    0.517712] NetLabel: Initializing
[    0.518430] NetLabel:  domain hash size = 128
[    0.519269] NetLabel:  protocols = UNLABELED CIPSOv4
[    0.520183] NetLabel:  unlabeled traffic allowed by default
[    0.521360] amd_nb: Cannot enumerate AMD northbridges
[    0.522354] clocksource: Switched to clocksource kvm-clock
[    0.528057] AppArmor: AppArmor Filesystem Enabled
[    0.529016] pnp: PnP ACPI init
[    0.530346] pnp: PnP ACPI: found 3 devices
[    0.539697] clocksource: acpi_pm: mask: 0xffffff max_cycles: 0xffffff, max_idle_ns: 2085701024 ns
[    0.541485] NET: Registered protocol family 2
[    0.542584] TCP established hash table entries: 8192 (order: 4, 65536 bytes)
[    0.543936] TCP bind hash table entries: 8192 (order: 5, 131072 bytes)
[    0.545185] TCP: Hash tables configured (established 8192 bind 8192)
[    0.546405] UDP hash table entries: 512 (order: 2, 16384 bytes)
[    0.547563] UDP-Lite hash table entries: 512 (order: 2, 16384 bytes)
[    0.548829] NET: Registered protocol family 1
[    0.549761] pci 0000:00:00.0: Limiting direct PCI/PCI transfers
[    0.550975] pci 0000:00:01.0: Activating ISA DMA hang workarounds
[    0.552493] Unpacking initramfs...
[    0.756038] Freeing initrd memory: 14888K
[    0.757063] clocksource: tsc: mask: 0xffffffffffffffff max_cycles: 0x2135f7c97c8, max_idle_ns: 440795273205 ns
[    0.759123] platform rtc_cmos: registered platform RTC device (no PNP device found)
[    0.760740] Scanning for low memory corruption every 60 seconds
[    0.762193] audit: initializing netlink subsys (disabled)
[    0.763421] audit: type=2000 audit(1643440315.716:1): initialized
[    0.764829] Initialise system trusted keyring
[    0.765858] HugeTLB registered 2 MB page size, pre-allocated 0 pages
[    0.768283] zbud: loaded
[    0.769248] VFS: Disk quotas dquot_6.6.0
[    0.770157] VFS: Dquot-cache hash table entries: 512 (order 0, 4096 bytes)
[    0.771775] squashfs: version 4.0 (2009/01/31) Phillip Lougher
[    0.773124] fuse init (API version 7.23)
[    0.774156] Key type big_key registered
[    0.775323] Allocating IMA MOK and blacklist keyrings.
[    0.777074] Key type asymmetric registered
[    0.777903] Asymmetric key parser 'x509' registered
[    0.778950] Block layer SCSI generic (bsg) driver version 0.4 loaded (major 249)
[    0.780595] io scheduler noop registered
[    0.781422] io scheduler deadline registered (default)
[    0.782465] io scheduler cfq registered
[    0.783422] pci_hotplug: PCI Hot Plug PCI Core version: 0.5
[    0.784539] pciehp: PCI Express Hot Plug Controller Driver version: 0.4
[    0.786705] ACPI: AC Adapter [AC] (on-line)
[    0.787582] input: Power Button as /devices/LNXSYSTM:00/LNXPWRBN:00/input/input0
[    0.788981] ACPI: Power Button [PWRF]
[    0.789779] input: Sleep Button as /devices/LNXSYSTM:00/LNXSLPBN:00/input/input1
[    0.791186] ACPI: Sleep Button [SLPF]
[    0.792004] GHES: HEST is not enabled!
[    0.792610] ACPI: Battery Slot [BAT0] (battery present)
[    0.793713] Serial: 8250/16550 driver, 32 ports, IRQ sharing enabled
[    0.815070] 00:02: ttyS0 at I/O 0x3f8 (irq = 4, base_baud = 115200) is a 16550A
[    0.818622] Linux agpgart interface v0.103
[    0.821023] loop: module loaded
[    0.822194] scsi host0: ata_piix
[    0.823093] scsi host1: ata_piix
[    0.823875] ata1: PATA max UDMA/33 cmd 0x1f0 ctl 0x3f6 bmdma 0xd000 irq 14
[    0.825121] ata2: PATA max UDMA/33 cmd 0x170 ctl 0x376 bmdma 0xd008 irq 15
[    0.826494] libphy: Fixed MDIO Bus: probed
[    0.827445] tun: Universal TUN/TAP device driver, 1.6
[    0.828458] tun: (C) 1999-2004 Max Krasnyansky <maxk@qualcomm.com>
[    0.830289] PPP generic driver version 2.4.2
[    0.831201] ehci_hcd: USB 2.0 'Enhanced' Host Controller (EHCI) Driver
[    0.832305] ehci-pci: EHCI PCI platform driver
[    0.833142] ehci-platform: EHCI generic platform driver
[    0.834107] ohci_hcd: USB 1.1 'Open' Host Controller (OHCI) Driver
[    0.835242] ohci-pci: OHCI PCI platform driver
[    0.836099] ohci-platform: OHCI generic platform driver
[    0.837019] uhci_hcd: USB Universal Host Controller Interface driver
[    0.838094] i8042: PNP: PS/2 Controller [PNP0303:PS2K,PNP0f03:PS2M] at 0x60,0x64 irq 1,12
[    0.840065] serio: i8042 KBD port at 0x60,0x64 irq 1
[    0.840943] serio: i8042 AUX port at 0x60,0x64 irq 12
[    0.842052] mousedev: PS/2 mouse device common for all mice
[    0.843380] input: AT Translated Set 2 keyboard as /devices/platform/i8042/serio0/input/input2
[    0.845217] rtc_cmos rtc_cmos: rtc core: registered rtc_cmos as rtc0
[    0.846358] rtc_cmos rtc_cmos: alarms up to one day, 114 bytes nvram
[    0.847444] i2c /dev entries driver
[    0.848170] device-mapper: uevent: version 1.0.3
[    0.849112] device-mapper: ioctl: 4.34.0-ioctl (2015-10-28) initialised: dm-devel@redhat.com
[    0.850626] ledtrig-cpu: registered to indicate activity on CPUs
[    0.851948] NET: Registered protocol family 10
[    0.852901] NET: Registered protocol family 17
[    0.853762] Key type dns_resolver registered
[    0.854897] registered taskstats version 1
[    0.855665] Loading compiled-in X.509 certificates
[    0.856972] Loaded X.509 cert 'Build time autogenerated kernel key: cf00e047681d67edb2720680708b7d9498083038'
[    0.858736] zswap: loaded using pool lzo/zbud
[    0.860667] Key type trusted registered
[    0.863380] Key type encrypted registered
[    0.864154] AppArmor: AppArmor sha1 policy hashing enabled
[    0.865219] ima: No TPM chip found, activating TPM-bypass!
[    0.866214] ima: Allocated hash algorithm: sha1
[    0.867127] evm: HMAC attrs: 0x1
[    0.868096]   Magic number: 6:505:168
[    0.868933] rtc_cmos rtc_cmos: setting system clock to 2022-01-29 07:11:51 UTC (1643440311)
[    0.870646] BIOS EDD facility v0.16 2004-Jun-25, 0 devices found
[    0.871694] EDD information not available.
[    1.020488] Freeing unused kernel memory: 1492K
[    1.024080] Write protecting the kernel read-only data: 14336k
[    1.029535] Freeing unused kernel memory: 1584K
[    1.033620] Freeing unused kernel memory: 52K
Loading, please wait...
starting version 229
[    1.065718] random: systemd-udevd: uninitialized urandom read (16 bytes read, 3 bits of entropy available)
[    1.066046] random: udevadm: uninitialized urandom read (16 bytes read, 3 bits of entropy available)
[    1.066066] random: udevadm: uninitialized urandom read (16 bytes read, 3 bits of entropy available)
[    1.071581] random: systemd-udevd: uninitialized urandom read (16 bytes read, 3 bits of entropy available)
[    1.072352] random: udevadm: uninitialized urandom read (16 bytes read, 3 bits of entropy available)
[    1.072393] random: udevadm: uninitialized urandom read (16 bytes read, 3 bits of entropy available)
[    1.072504] random: udevadm: uninitialized urandom read (16 bytes read, 3 bits of entropy available)
[    1.072548] random: udevadm: uninitialized urandom read (16 bytes read, 3 bits of entropy available)
[    1.072593] random: udevadm: uninitialized urandom read (16 bytes read, 3 bits of entropy available)
[    1.072637] random: udevadm: uninitialized urandom read (16 bytes read, 3 bits of entropy available)
[    1.122210] e1000: Intel(R) PRO/1000 Network Driver - version 7.3.21-k8-NAPI
[    1.123829] e1000: Copyright (c) 1999-2006 Intel Corporation.
[    1.131295] Fusion MPT base driver 3.04.20
[    1.132418] Copyright (c) 1999-2008 LSI Corporation
[    1.174154] AVX2 version of gcm_enc/dec engaged.
[    1.175483] AES CTR mode by8 optimization enabled
[    1.182906] Fusion MPT SPI Host driver 3.04.20
[    1.338039] input: ImExPS/2 Generic Explorer Mouse as /devices/platform/i8042/serio1/input/input4
[    1.503641] e1000 0000:00:03.0 eth0: (PCI:33MHz:32-bit) 02:be:82:6b:cc:1d
[    1.504999] e1000 0000:00:03.0 eth0: Intel(R) PRO/1000 Network Connection
[    2.178270] e1000 0000:00:08.0 eth1: (PCI:33MHz:32-bit) 08:00:27:d8:a2:77
[    2.179250] e1000 0000:00:08.0 eth1: Intel(R) PRO/1000 Network Connection
[    2.181385] e1000 0000:00:03.0 enp0s3: renamed from eth0
[    2.182547] mptbase: ioc0: Initiating bringup
[    2.190841] e1000 0000:00:08.0 enp0s8: renamed from eth1
[    2.247331] ioc0: LSI53C1030 A0: Capabilities={Initiator}
[    2.418898] scsi host2: ioc0: LSI53C1030 A0, FwRev=00000000h, Ports=1, MaxQ=256, IRQ=20
[    2.541686] scsi 2:0:0:0: Direct-Access     VBOX     HARDDISK         1.0  PQ: 0 ANSI: 5
[    2.549309] scsi target2:0:0: Beginning Domain Validation
[    2.558608] scsi target2:0:0: Domain Validation skipping write tests
[    2.563159] scsi target2:0:0: Ending Domain Validation
[    2.567205] scsi target2:0:0: asynchronous
[    2.572790] scsi 2:0:1:0: Direct-Access     VBOX     HARDDISK         1.0  PQ: 0 ANSI: 5
[    2.615860] scsi target2:0:1: Beginning Domain Validation
[    2.623733] scsi target2:0:1: Domain Validation skipping write tests
[    2.627983] scsi target2:0:1: Ending Domain Validation
[    2.632018] scsi target2:0:1: asynchronous
[    2.658704] sd 2:0:0:0: [sda] 83886080 512-byte logical blocks: (42.9 GB/40.0 GiB)
[    2.659742] sd 2:0:0:0: Attached scsi generic sg0 type 0
[    2.670990] sd 2:0:0:0: [sda] Write Protect is off
[    2.675558] sd 2:0:1:0: [sdb] 20480 512-byte logical blocks: (10.5 MB/10.0 MiB)
[    2.675711] sd 2:0:1:0: Attached scsi generic sg1 type 0
[    2.683100] sd 2:0:0:0: [sda] Incomplete mode parameter data
[    2.683104] sd 2:0:0:0: [sda] Assuming drive cache: write through
[    2.687211]  sda: sda1
[    2.689643] sd 2:0:0:0: [sda] Attached SCSI disk
[    2.695956] sd 2:0:1:0: [sdb] Write Protect is off
[    2.698429] sd 2:0:1:0: [sdb] Incomplete mode parameter data
[    2.700437] sd 2:0:1:0: [sdb] Assuming drive cache: write through
[    2.707171] sd 2:0:1:0: [sdb] Attached SCSI disk
Begin: Loading essential drivers ... [    4.185727] md: linear personality registered for level -1
[    4.189616] md: multipath personality registered for level -4
[    4.193212] md: raid0 personality registered for level 0
[    4.197937] md: raid1 personality registered for level 1
[    4.270441] raid6: sse2x1   gen()  9302 MB/s
[    4.338456] raid6: sse2x1   xor()  8166 MB/s
[    4.406451] raid6: sse2x2   gen() 13277 MB/s
[    4.474429] raid6: sse2x2   xor()  9206 MB/s
[    4.542440] raid6: sse2x4   gen() 15078 MB/s
[    4.610430] raid6: sse2x4   xor()  8979 MB/s
[    4.678476] raid6: avx2x1   gen() 19775 MB/s
[    4.746461] raid6: avx2x2   gen() 25548 MB/s
[    4.814449] raid6: avx2x4   gen() 28389 MB/s
[    4.815361] raid6: using algorithm avx2x4 gen() 28389 MB/s
[    4.816437] raid6: using avx2x2 recovery algorithm
[    4.818806] xor: automatically using best checksumming function:
[    4.858418]    avx       : 21577.000 MB/sec
[    4.860559] async_tx: api initialized (async)
[    4.869753] md: raid6 personality registered for level 6
[    4.871222] md: raid5 personality registered for level 5
[    4.872297] md: raid4 personality registered for level 4
[    4.878098] md: raid10 personality registered for level 10
done.
Begin: Running /scripts/init-premount ... done.
Begin: Mounting root file system ... Begin: Running /scripts/local-top ... done.
Begin: Running /scripts/local-premount ... [    4.905826] Btrfs loaded
Scanning for Btrfs filesystems
done.
Warning: fsck not present, so skipping root file system
[    4.930774] EXT4-fs (sda1): INFO: recovery required on readonly filesystem
[    4.931937] EXT4-fs (sda1): write access will be enabled during recovery
[    5.009162] EXT4-fs (sda1): recovery complete
[    5.009913] EXT4-fs (sda1): mounted filesystem with ordered data mode. Opts: (null)
done.
Begin: Running /scripts/local-bottom ... done.
Begin: Running /scripts/init-bottom ... done.
[    5.060278] systemd[1]: systemd 229 running in system mode. (+PAM +AUDIT +SELINUX +IMA +APPARMOR +SMACK +SYSVINIT +UTMP +LIBCRYPTSETUP +GCRYPT +GNUTLS +ACL +XZ -LZ4 +SECCOMP +BLKID +ELFUTILS +KMOD -IDN)
[    5.062687] systemd[1]: Detected virtualization oracle.
[    5.063501] systemd[1]: Detected architecture x86-64.

Welcome to [1mUbuntu 16.04.7 LTS[0m!

[    5.065977] systemd[1]: Set hostname to <web01>.
[    5.144164] systemd[1]: Reached target Encrypted Volumes.
[[0;32m  OK  [0m] Reached target Encrypted Volumes.
[    5.145903] systemd[1]: Reached target User and Group Name Lookups.
[[0;32m  OK  [0m] Reached target User and Group Name Lookups.
[    5.147561] systemd[1]: Set up automount Arbitrary Executable File Formats File System Automount Point.
[[0;32m  OK  [0m] Set up automount Arbitrary Executab...ats File System Automount Point.
[    5.150349] systemd[1]: Listening on Journal Socket (/dev/log).
[[0;32m  OK  [0m] Listening on Journal Socket (/dev/log).
[    5.152984] systemd[1]: Created slice System Slice.
[[0;32m  OK  [0m] Created slice System Slice.
[    5.155223] systemd[1]: Created slice system-serial\x2dgetty.slice.
[[0;32m  OK  [0m] Created slice system-serial\x2dgetty.slice.
[    5.157448] systemd[1]: Listening on /dev/initctl Compatibility Named Pipe.
[[0;32m  OK  [0m] Listening on /dev/initctl Compatibility Named Pipe.
[    5.160016] systemd[1]: Listening on Journal Audit Socket.
[[0;32m  OK  [0m] Listening on Journal Audit Socket.
[    5.162223] systemd[1]: Created slice User and Session Slice.
[[0;32m  OK  [0m] Created slice User and Session Slice.
[    5.164400] systemd[1]: Listening on fsck to fsckd communication Socket.
[[0;32m  OK  [0m] Listening on fsck to fsckd communication Socket.
[    5.166642] systemd[1]: Reached target Slices.
[[0;32m  OK  [0m] Reached target Slices.
[    5.168460] systemd[1]: Started Trigger resolvconf update for networkd DNS.
[[0;32m  OK  [0m] Started Trigger resolvconf update for networkd DNS.
[    5.170954] systemd[1]: Started Forward Password Requests to Wall Directory Watch.
[[0;32m  OK  [0m] Started Forward Password Requests to Wall Directory Watch.
[    5.173825] systemd[1]: Reached target System Time Synchronized.
[[0;32m  OK  [0m] Reached target System Time Synchronized.
[    5.176007] systemd[1]: Listening on Device-mapper event daemon FIFOs.
[[0;32m  OK  [0m] Listening on Device-mapper event daemon FIFOs.
[    5.178513] systemd[1]: Listening on udev Control Socket.
[[0;32m  OK  [0m] Listening on udev Control Socket.
[    5.180522] systemd[1]: Listening on udev Kernel Socket.
[[0;32m  OK  [0m] Listening on udev Kernel Socket.
[    5.182863] systemd[1]: Listening on Syslog Socket.
[[0;32m  OK  [0m] Listening on Syslog Socket.
[    5.185055] systemd[1]: Reached target Swap.
[[0;32m  OK  [0m] Reached target Swap.
[    5.195453] systemd[1]: Listening on LVM2 poll daemon socket.
[[0;32m  OK  [0m] Listening on LVM2 poll daemon socket.
[    5.197367] systemd[1]: Listening on LVM2 metadata daemon socket.
[[0;32m  OK  [0m] Listening on LVM2 metadata daemon socket.
[    5.206659] systemd[1]: Listening on Journal Socket.
[[0;32m  OK  [0m] Listening on Journal Socket.
[    5.218617] systemd[1]: Starting Set console keymap...
         Starting Set console keymap...
[    5.227019] systemd[1]: Starting Create list of required static device nodes for the current kernel...
         Starting Create list of required st... nodes for the current kernel...
[    5.231123] systemd[1]: Starting Nameserver information manager...
         Starting Nameserver information manager...
[    5.234251] systemd[1]: Mounting POSIX Message Queue File System...
         Mounting POSIX Message Queue File System...
[    5.237593] systemd[1]: Starting Monitoring of LVM2 mirrors, snapshots etc. using dmeventd or progress polling...
         Starting Monitoring of LVM2 mirrors... dmeventd or progress polling...
[    5.241344] systemd[1]: Mounting Huge Pages File System...
         Mounting Huge Pages File System...
[    5.243911] systemd[1]: Starting Uncomplicated firewall...
         Starting Uncomplicated firewall...
[    5.245678] random: nonblocking pool is initialized
[    5.247418] systemd[1]: Mounting Debug File System...
         Mounting Debug File System...
[    5.251337] systemd[1]: Starting Load Kernel Modules...
         Starting Load Kernel Modules...
[    5.253781] systemd[1]: Starting Journal Service...
         Starting Journal Service...
[    5.256046] systemd[1]: Starting File System Check on Root Device...
         Starting File System Check on Root Device...
[    5.260419] systemd[1]: Mounted Huge Pages File System.
[[0;32m  OK  [0m] Mounted Huge Pages File System.
[    5.262291] systemd[1]: Mounted POSIX Message Queue File System.
[    5.263544] Loading iSCSI transport class v2.0-870.
[[0;32m  OK  [0m] Mounted POSIX Message Queue File System.
[    5.266434] systemd[1]: Mounted Debug File System.
[[0;32m  OK  [0m] Mounted Debug File System.
[    5.268621] systemd[1]: Started Create list of required static device nodes for the current kernel.
[[0;32m  OK  [0m] Started Create list of required sta...ce nodes for the current kernel.
[    5.272425] systemd[1]: Started Uncomplicated firewall.
[[0;32m  OK  [0m] Started Uncomplicated firewall.
[    5.276258] systemd[1]: Started LVM2 metadata daemon.
[[0;32m  OK  [0m] Started LVM2 metadata daemon.
[    5.279606] systemd[1]: Started File System Check Daemon to report status.
[[0;32m  OK  [0m] Started File System Check Daemon to report status.
[    5.282982] systemd[1]: Starting Create Static Device Nodes in /dev...
         [    5.284669] iscsi: registered transport (tcp)
Starting Create Static Device Nodes in /dev...
[    5.290656] systemd[1]: Started Nameserver information manager.
[[0;32m  OK  [0m] Started Nameserver information manager.
[    5.294846] systemd[1]: Started Journal Service.
[[0;32m  OK  [0m] Started Journal Service.
[[0;32m  OK  [0m] Started Create Static Device Nodes in /dev.
[    5.317943] iscsi: registered transport (iser)
         Starting udev Kernel Device Manager...
[[0;32m  OK  [0m] Started Set console keymap.
[[0;32m  OK  [0m] Started File System Check on Root Device.
         Starting Remount Root and Kernel File Systems...
[[0;32m  OK  [0m] Started Load Kernel Modules.
         Mounting FUSE Control File System...
[    5.329124] EXT4-fs (sda1): re-mounted. Opts: (null)
         Starting Apply Kernel Variables...
[[0;32m  OK  [0m] Mounted FUSE Control File System.
[[0;32m  OK  [0m] Started Remount Root and Kernel File Systems.
         Starting Load/Save Random Seed...
         Starting Flush Journal to Persistent Storage...
         Starting udev Coldplug all Devices...
[[0;32m  OK  [0m] Started udev Kernel Device Manager.
[[0;32m  OK  [0m] Started Apply Kernel Variables.
[[0;32m  OK  [0m] Started Load/Save Random Seed.
[[0;32m  OK  [0m] Started Flush Journal to Persistent Storage.
[[0;32m  OK  [0m] Started udev Coldplug all Devices.
[[0;32m  OK  [0m] Started Dispatch Password Requests to Console Directory Watch.
[[0;32m  OK  [0m] Found device /dev/ttyS0.
[[0;32m  OK  [0m] Listening on Load/Save RF Kill Switch Status /dev/rfkill Watch.
[[0;32m  OK  [0m] Found device 82540EM Gigabit Ethern...r (PRO/1000 MT Desktop Adapter).
[[0;32m  OK  [0m] Started Monitoring of LVM2 mirrors,...ng dmeventd or progress polling.
[[0;32m  OK  [0m] Reached target Local File Systems (Pre).
[[0;32m  OK  [0m] Reached target Local File Systems.
         Starting Create Volatile Files and Directories...
         Starting Tell Plymouth To Write Out Runtime Data...
         Starting LSB: AppArmor initialization...
         Starting Set console font and keymap...
         Starting Initial cloud-init job (pre-networking)...
[[0;32m  OK  [0m] Started Create Volatile Files and Directories.
[[0;32m  OK  [0m] Started Tell Plymouth To Write Out Runtime Data.
         Starting Update UTMP about System Boot/Shutdown...
[[0;32m  OK  [0m] Started Update UTMP about System Boot/Shutdown.
[[0;32m  OK  [0m] Found device 82540EM Gigabit Ethern...r (PRO/1000 MT Desktop Adapter).
[[0;32m  OK  [0m] Started LSB: AppArmor initialization.
         Starting Load AppArmor profiles managed internally by snapd...
[[0;32m  OK  [0m] Started Load AppArmor profiles managed internally by snapd.
[[0;32m  OK  [0m] Started Set console font and keymap.
[[0;32m  OK  [0m] Created slice system-getty.slice.
[    6.576671] cloud-init[680]: Cloud-init v. 21.1-19-gbad84ad4-0ubuntu1~16.04.2 running 'init-local' at Sat, 29 Jan 2022 07:11:57 +0000. Up 6.38 seconds.
[[0;32m  OK  [0m] Started Initial cloud-init job (pre-networking).
[[0;32m  OK  [0m] Reached target Network (Pre).
         Starting Raise network interfaces...
[[0;32m  OK  [0m] Started ifup for enp0s8.
[[0;32m  OK  [0m] Started ifup for enp0s3.
[[0;32m  OK  [0m] Started Raise network interfaces.
[[0;32m  OK  [0m] Reached target Network.
         Starting Initial cloud-init job (metadata service crawler)...
[    7.211721] cloud-init[1106]: Cloud-init v. 21.1-19-gbad84ad4-0ubuntu1~16.04.2 running 'init' at Sat, 29 Jan 2022 07:11:57 +0000. Up 7.01 seconds.
[    7.212957] cloud-init[1106]: ci-info: ++++++++++++++++++++++++++++++++++++++Net device info+++++++++++++++++++++++++++++++++++++++
[    7.214221] cloud-init[1106]: ci-info: +--------+------+-----------------------------+---------------+--------+-------------------+
[    7.215388] cloud-init[1106]: ci-info: | Device |  Up  |           Address           |      Mask     | Scope  |     Hw-Address    |
[    7.216985] cloud-init[1106]: ci-info: +--------+------+-----------------------------+---------------+--------+-------------------+
[    7.218855] cloud-init[1106]: ci-info: | enp0s3 | True |          10.0.2.15          | 255.255.255.0 | global | 02:be:82:6b:cc:1d |
[    7.220515] cloud-init[1106]: ci-info: | enp0s3 | True |  fe80::be:82ff:fe6b:cc1d/64 |       .       |  link  | 02:be:82:6b:cc:1d |
[    7.222487] cloud-init[1106]: ci-info: | enp0s8 | True |        192.168.33.11        | 255.255.255.0 | global | 08:00:27:d8:a2:77 |
[    7.224485] cloud-init[1106]: ci-info: | enp0s8 | True | fe80::a00:27ff:fed8:a277/64 |       .       |  link  | 08:00:27:d8:a2:77 |
[    7.226406] cloud-init[1106]: ci-info: |   lo   | True |          127.0.0.1          |   255.0.0.0   |  host  |         .         |
[    7.228178] cloud-init[1106]: ci-info: |   lo   | True |           ::1/128           |       .       |  host  |         .         |
[    7.230014] cloud-init[1106]: ci-info: +--------+------+-----------------------------+---------------+--------+-------------------+
[    7.232006] cloud-init[1106]: ci-info: ++++++++++++++++++++++++++++Route IPv4 info++++++++++++++++++++++++++++
[    7.233719] cloud-init[1106]: ci-info: +-------+--------------+----------+---------------+-----------+-------+
[    7.240484] cloud-init[1106]: ci-info: | Route | Destination  | Gateway  |    Genmask    | Interface | Flags |
[    7.248531] cloud-init[1106]: ci-info: +-------+--------------+----------+---------------+-----------+-------+
[    7.257016] [cloud-init[0;32m  OK  [0m[1106]: ] ci-info: |   0   |   0.0.0.0    | 10.0.2.2 |    0.0.0.0    |   enp0s3  |   UG  |Started Initial cloud-init job (metadata service crawler).

[    7.258804] [[0;32m  OK  [0m] Reached target Cloud-config availability.
[[0;32m  OK  [0m] Reached target System Initialization.
[[0;32m  OK  [0m] Listening on ACPID Listen Socket.
         Starting Socket activation for snappy daemon.
[[0;32m  OK  [0m] Started Message of the Day.
[[0;32m  OK  [0m] Listening on D-Bus System Message Bus Socket.
[[0;32m  OK  [0m] Started Daily Cleanup of Temporary Directories.cloud-init
[1106]: ci-info: |   1   |   10.0.2.0   | 0.0.0.0  | 255.255.255.0 |   enp0s3  |   U   |
[    7.263143] [[0;32m  OK  [0m] Started ACPI Events Check.
[[0;32m  OK  [0m] Reached target Paths.
         Starting LXD - unix socket.
[[0;32m  OK  [0m] Listening on UUID daemon activation socket.
[[0;32m  OK  [0m] Started Daily apt download activities.
[[0;32m  OK  [0m] Started Daily apt upgrade and clean activities.
[[0;32m  OK  [0m] Started Ubuntu Advantage update messaging.
[[0;32m  OK  [0m] Reached target Timers.
[[0;32m  OK  [0m] Reached target Network is Online.
cloud-init[1106]: ci-info: |   2   | 192.168.33.0 | 0.0.0.0  | 255.255.255.0 |   enp0s8  |   U   |
[    7.268199] cloud-init[1106]: ci-info: +-------+--------------+----------+---------------+-----------+-------+
[    7.276252]          cloud-initStarting iSCSI initiator daemon (iscsid)...[1106]: 
ci-info: +++++++++++++++++++Route IPv6 info+++++++++++++++++++
[    7.278177] [cloud-init[0;32m  OK  [0m[1106]: ] ci-info: +-------+-------------+---------+-----------+-------+Listening on Socket activation for snappy daemon.

[[0;32m  OK  [0m[    7.279929] cloud-init[1106]: ci-info: | Route | Destination | Gateway | Interface | Flags |
[    7.280758] cloud-init[1106]: ci-info: +-------+-------------+---------+-----------+-------+
[    7.280824] cloud-init[1106]: ci-info: |   0   |  fe80::/64  |    ::   |   enp0s8  |   U   |
[    7.280943] cloud-init[1106]: ci-info: |   1   |  fe80::/64  |    ::   |   enp0s3  |   U   |
[    7.280998] cloud-init[1106]: ci-info: |   4   |   ff00::/8  |    ::   |   enp0s8  |   U   |
[    7.281108] cloud-init[1106]: ci-info: |   5   |   ff00::/8  |    ::   |   enp0s3  |   U   |
[    7.281310] cloud-init[1106]: ci-info: +-------+-------------+---------+-----------+-------+
] Listening on LXD - unix socket.
[[0;32m  OK  [0m] Reached target Sockets.
[[0;32m  OK  [0m] Reached target Basic System.
         Starting Login Service...
[[0;32m  OK  [0m] Started Regular background program processing daemon.
[[0;32m  OK  [0m] Started D-Bus System Message Bus.
         Starting LSB: Record successful boot for GRUB...
[[0;32m  OK  [0m] Started FUSE filesystem for LXC.
         Starting Virtualbox guest utils...
         Starting /etc/rc.local Compatibility...
         Starting LSB: MD monitoring daemon...
         Starting Accounts Service...
         Starting OpenBSD Secure Shell server...
         Starting LXD - container startup/shutdown...
         Starting System Logging Service...
[[0;32m  OK  [0m] Started ACPI event daemon.
[[0;32m  OK  [0m] Started Deferred execution scheduler.
         Starting Snap Daemon...
[[0;32m  OK  [0m] Started iSCSI initiator daemon (iscsid).
[[0;32m  OK  [0m] Started /etc/rc.local Compatibility.
[[0;32m  OK  [0m] Started System Logging Service.
         Starting Login to default iSCSI targets...
[[0;32m  OK  [0m] Started Login Service.
[[0;32m  OK  [0m] Started Unattended Upgrades Shutdown.
[[0;32m  OK  [0m] Started LSB: Record successful boot for GRUB.
[[0;32m  OK  [0m] Started Login to default iSCSI targets.
[[0;32m  OK  [0m] Reached target Remote File Systems (Pre).
         Mounting /vagrant...
[[0;1;31mFAILED[0m] Failed to mount /vagrant.
See 'systemctl status vagrant.mount' for details.
[[0;1;33mDEPEND[0m] Dependency failed for Remote File Systems.
[[0;32m  OK  [0m] Started LSB: MD monitoring daemon.
         Starting LSB: automatic crash report generation...
         Starting LSB: daemon to balance interrupts for SMP systems...
         Starting Permit User Sessions...
         Starting LSB: Set the CPU Frequency Scaling governor to "ondemand"...
[[0;32m  OK  [0m] Started OpenBSD Secure Shell server.
[[0;32m  OK  [0m] Started Permit User Sessions.
         Starting Terminate Plymouth Boot Screen...
         Starting Hold until boot process finishes up...
[[0;32m  OK  [0m] Started LXD - container startup/shutdown.
[[0;32m  OK  [0m] Started Hold until boot process finishes up.
[[0;32m  OK  [0m] Started Terminate Plymouth Boot Screen.
[[0;32m  OK  [0m] Started Getty on tty1.
[[0;32m  OK  [0m] Started Serial Getty on ttyS0.
[[0;32m  OK  [0m] Reached target Login Prompts.
         Starting Set console scheme...
[[0;32m  OK  [0m] Started LSB: automatic crash report generation.
[[0;32m  OK  [0m] Started LSB: daemon to balance interrupts for SMP systems.
[[0;32m  OK  [0m] Started Set console scheme.
[[0;32m  OK  [0m] Started LSB: Set the CPU Frequency Scaling governor to "ondemand".
         Starting Authenticate and Authorize Users to Run Privileged Tasks...
[[0;32m  OK  [0m] Started Virtualbox guest utils.
[[0;32m  OK  [0m] Started Authenticate and Authorize Users to Run Privileged Tasks.
[[0;32m  OK  [0m] Started Accounts Service.
[[0;32m  OK  [0m] Started Snap Daemon.
         Starting Wait until snapd is fully seeded...
[[0;32m  OK  [0m] Started Wait until snapd is fully seeded.
[[0;32m  OK  [0m] Reached target Multi-User System.
[[0;32m  OK  [0m] Reached target Graphical Interface.
         Starting Update UTMP about System Runlevel Changes...
         Starting Apply the settings specified in cloud-config...
[[0;32m  OK  [0m] Started Update UTMP about System Runlevel Changes.
[    8.028114] cloud-init[1364]: Cloud-init v. 21.1-19-gbad84ad4-0ubuntu1~16.04.2 running 'modules:config' at Sat, 29 Jan 2022 07:11:58 +0000. Up 7.95 seconds.
[[0;32m  OK  [0m] Started Apply the settings specified in cloud-config.
         Starting Execute cloud user/final scripts...
[    8.405110] cloud-init[1376]: Cloud-init v. 21.1-19-gbad84ad4-0ubuntu1~16.04.2 running 'modules:final' at Sat, 29 Jan 2022 07:11:59 +0000. Up 8.32 seconds.
[    8.412760] cloud-init[1376]: Cloud-init v. 21.1-19-gbad84ad4-0ubuntu1~16.04.2 finished at Sat, 29 Jan 2022 07:11:59 +0000. Datasource DataSourceNoCloud [seed=/dev/sdb][dsmode=net].  Up 8.40 seconds
[[0;32m  OK  [0m] Started Execute cloud user/final scripts.
[[0;32m  OK  [0m] Reached target Cloud-init target.

Ubuntu 16.04.7 LTS web01 ttyS0

web01 login: 